# JRE version: Java(TM) SE Runtime Environment (8.0_251-b08) (build 1.8.0_251-b08)
# Java VM: Java HotSpot(TM) 64-Bit Server VM (25.251-b08 mixed mode windows-amd64 compressed oops)
Heap:
 PSYoungGen      total 113152K, used 89625K [0x00000000d5c00000, 0x00000000dd780000, 0x0000000100000000)
  eden space 103424K, 86% used [0x00000000d5c00000,0x00000000db386578,0x00000000dc100000)
  from space 9728K, 0% used [0x00000000dc100000,0x00000000dc100000,0x00000000dca80000)
  to   space 8704K, 0% used [0x00000000dca80000,0x00000000dca80000,0x00000000dd300000)
 ParOldGen       total 79360K, used 16398K [0x0000000081400000, 0x0000000086180000, 0x00000000d5c00000)
  object space 79360K, 20% used [0x0000000081400000,0x0000000082403920,0x0000000086180000)
 Metaspace       used 41107K, capacity 43634K, committed 43776K, reserved 1091584K
  class space    used 5648K, capacity 6090K, committed 6144K, reserved 1048576K
GC Heap History (10 events):
Event: 8.184 GC heap before
{Heap before GC invocations=7 (full 1):
 PSYoungGen      total 38400K, used 33280K [0x00000000d5c00000, 0x00000000daf00000, 0x0000000100000000)
  eden space 33280K, 100% used [0x00000000d5c00000,0x00000000d7c80000,0x00000000d7c80000)
  from space 5120K, 0% used [0x00000000d7c80000,0x00000000d7c80000,0x00000000d8180000)
  to   space 9216K, 0% used [0x00000000da600000,0x00000000da600000,0x00000000daf00000)
 ParOldGen       total 50176K, used 7080K [0x0000000081400000, 0x0000000084500000, 0x00000000d5c00000)
  object space 50176K, 14% used [0x0000000081400000,0x0000000081aea3f0,0x0000000084500000)
 Metaspace       used 24096K, capacity 24896K, committed 24960K, reserved 1071104K
  class space    used 3224K, capacity 3430K, committed 3456K, reserved 1048576K
Event: 8.189 GC heap after
Heap after GC invocations=7 (full 1):
 PSYoungGen      total 63488K, used 4088K [0x00000000d5c00000, 0x00000000daa00000, 0x0000000100000000)
  eden space 59392K, 0% used [0x00000000d5c00000,0x00000000d5c00000,0x00000000d9600000)
  from space 4096K, 99% used [0x00000000da600000,0x00000000da9fe138,0x00000000daa00000)
  to   space 9216K, 0% used [0x00000000d9800000,0x00000000d9800000,0x00000000da100000)
 ParOldGen       total 50176K, used 7088K [0x0000000081400000, 0x0000000084500000, 0x00000000d5c00000)
  object space 50176K, 14% used [0x0000000081400000,0x0000000081aec3f0,0x0000000084500000)
 Metaspace       used 24096K, capacity 24896K, committed 24960K, reserved 1071104K
  class space    used 3224K, capacity 3430K, committed 3456K, reserved 1048576K
}
Event: 9.290 GC heap before
{Heap before GC invocations=8 (full 1):
 PSYoungGen      total 63488K, used 63480K [0x00000000d5c00000, 0x00000000daa00000, 0x0000000100000000)
  eden space 59392K, 100% used [0x00000000d5c00000,0x00000000d9600000,0x00000000d9600000)
  from space 4096K, 99% used [0x00000000da600000,0x00000000da9fe138,0x00000000daa00000)
  to   space 9216K, 0% used [0x00000000d9800000,0x00000000d9800000,0x00000000da100000)
 ParOldGen       total 50176K, used 7088K [0x0000000081400000, 0x0000000084500000, 0x00000000d5c00000)
  object space 50176K, 14% used [0x0000000081400000,0x0000000081aec3f0,0x0000000084500000)
 Metaspace       used 25483K, capacity 26362K, committed 26496K, reserved 1073152K
  class space    used 3428K, capacity 3653K, committed 3712K, reserved 1048576K
Event: 9.299 GC heap after
Heap after GC invocations=8 (full 1):
 PSYoungGen      total 70656K, used 6321K [0x00000000d5c00000, 0x00000000dd300000, 0x0000000100000000)
  eden space 61440K, 0% used [0x00000000d5c00000,0x00000000d5c00000,0x00000000d9800000)
  from space 9216K, 68% used [0x00000000d9800000,0x00000000d9e2c500,0x00000000da100000)
  to   space 8704K, 0% used [0x00000000dca80000,0x00000000dca80000,0x00000000dd300000)
 ParOldGen       total 50176K, used 7096K [0x0000000081400000, 0x0000000084500000, 0x00000000d5c00000)
  object space 50176K, 14% used [0x0000000081400000,0x0000000081aee3f0,0x0000000084500000)
 Metaspace       used 25483K, capacity 26362K, committed 26496K, reserved 1073152K
  class space    used 3428K, capacity 3653K, committed 3712K, reserved 1048576K
}
Event: 10.331 GC heap before
{Heap before GC invocations=9 (full 1):
 PSYoungGen      total 70656K, used 67761K [0x00000000d5c00000, 0x00000000dd300000, 0x0000000100000000)
  eden space 61440K, 100% used [0x00000000d5c00000,0x00000000d9800000,0x00000000d9800000)
  from space 9216K, 68% used [0x00000000d9800000,0x00000000d9e2c500,0x00000000da100000)
  to   space 8704K, 0% used [0x00000000dca80000,0x00000000dca80000,0x00000000dd300000)
 ParOldGen       total 50176K, used 7096K [0x0000000081400000, 0x0000000084500000, 0x00000000d5c00000)
  object space 50176K, 14% used [0x0000000081400000,0x0000000081aee3f0,0x0000000084500000)
 Metaspace       used 28698K, capacity 29888K, committed 30080K, reserved 1075200K
  class space    used 3915K, capacity 4178K, committed 4224K, reserved 1048576K
Event: 10.339 GC heap after
Heap after GC invocations=9 (full 1):
 PSYoungGen      total 112128K, used 8584K [0x00000000d5c00000, 0x00000000dd780000, 0x0000000100000000)
  eden space 103424K, 0% used [0x00000000d5c00000,0x00000000d5c00000,0x00000000dc100000)
  from space 8704K, 98% used [0x00000000dca80000,0x00000000dd2e22e8,0x00000000dd300000)
  to   space 9728K, 0% used [0x00000000dc100000,0x00000000dc100000,0x00000000dca80000)
 ParOldGen       total 50176K, used 7104K [0x0000000081400000, 0x0000000084500000, 0x00000000d5c00000)
  object space 50176K, 14% used [0x0000000081400000,0x0000000081af03f0,0x0000000084500000)
 Metaspace       used 28698K, capacity 29888K, committed 30080K, reserved 1075200K
  class space    used 3915K, capacity 4178K, committed 4224K, reserved 1048576K
}
Event: 11.301 GC heap before
{Heap before GC invocations=10 (full 1):
 PSYoungGen      total 112128K, used 89621K [0x00000000d5c00000, 0x00000000dd780000, 0x0000000100000000)
  eden space 103424K, 78% used [0x00000000d5c00000,0x00000000dab23160,0x00000000dc100000)
  from space 8704K, 98% used [0x00000000dca80000,0x00000000dd2e22e8,0x00000000dd300000)
  to   space 9728K, 0% used [0x00000000dc100000,0x00000000dc100000,0x00000000dca80000)
 ParOldGen       total 50176K, used 7104K [0x0000000081400000, 0x0000000084500000, 0x00000000d5c00000)
  object space 50176K, 14% used [0x0000000081400000,0x0000000081af03f0,0x0000000084500000)
 Metaspace       used 33562K, capacity 35310K, committed 35456K, reserved 1079296K
  class space    used 4534K, capacity 4901K, committed 4992K, reserved 1048576K
Event: 11.312 GC heap after
Heap after GC invocations=10 (full 1):
 PSYoungGen      total 113152K, used 9719K [0x00000000d5c00000, 0x00000000dd780000, 0x0000000100000000)
  eden space 103424K, 0% used [0x00000000d5c00000,0x00000000d5c00000,0x00000000dc100000)
  from space 9728K, 99% used [0x00000000dc100000,0x00000000dca7dd88,0x00000000dca80000)
  to   space 8704K, 0% used [0x00000000dca80000,0x00000000dca80000,0x00000000dd300000)
 ParOldGen       total 50176K, used 8714K [0x0000000081400000, 0x0000000084500000, 0x00000000d5c00000)
  object space 50176K, 17% used [0x0000000081400000,0x0000000081c82ad0,0x0000000084500000)
 Metaspace       used 33562K, capacity 35310K, committed 35456K, reserved 1079296K
  class space    used 4534K, capacity 4901K, committed 4992K, reserved 1048576K
}
Event: 11.312 GC heap before
{Heap before GC invocations=11 (full 2):
 PSYoungGen      total 113152K, used 9719K [0x00000000d5c00000, 0x00000000dd780000, 0x0000000100000000)
  eden space 103424K, 0% used [0x00000000d5c00000,0x00000000d5c00000,0x00000000dc100000)
  from space 9728K, 99% used [0x00000000dc100000,0x00000000dca7dd88,0x00000000dca80000)
  to   space 8704K, 0% used [0x00000000dca80000,0x00000000dca80000,0x00000000dd300000)
 ParOldGen       total 50176K, used 8714K [0x0000000081400000, 0x0000000084500000, 0x00000000d5c00000)
  object space 50176K, 17% used [0x0000000081400000,0x0000000081c82ad0,0x0000000084500000)
 Metaspace       used 33562K, capacity 35310K, committed 35456K, reserved 1079296K
  class space    used 4534K, capacity 4901K, committed 4992K, reserved 1048576K
Event: 11.378 GC heap after
Heap after GC invocations=11 (full 2):
 PSYoungGen      total 113152K, used 0K [0x00000000d5c00000, 0x00000000dd780000, 0x0000000100000000)
  eden space 103424K, 0% used [0x00000000d5c00000,0x00000000d5c00000,0x00000000dc100000)
  from space 9728K, 0% used [0x00000000dc100000,0x00000000dc100000,0x00000000dca80000)
  to   space 8704K, 0% used [0x00000000dca80000,0x00000000dca80000,0x00000000dd300000)
 ParOldGen       total 79360K, used 16398K [0x0000000081400000, 0x0000000086180000, 0x00000000d5c00000)
  object space 79360K, 20% used [0x0000000081400000,0x0000000082403920,0x0000000086180000)
 Metaspace       used 33562K, capacity 35310K, committed 35456K, reserved 1079296K
  class space    used 4534K, capacity 4901K, committed 4992K, reserved 1048576K
}

